include.rb: Could not read include file, (MarkdownHelper::UnreadableInputError)
  Backtrace (innermost include first):
    Level 0:
      Includer:
        Location: markdown/use_cases/include_files/diagnose_missing_includee/includer_2.md:1
        Include description: @[:markdown](includer_3.md)
      Includee:
        File path: markdown/use_cases/include_files/diagnose_missing_includee/includer_3.md
    Level 1:
      Includer:
        Location: markdown/use_cases/include_files/diagnose_missing_includee/includer_1.md:1
        Include description: @[:markdown](includer_2.md)
      Includee:
        File path: markdown/use_cases/include_files/diagnose_missing_includee/includer_2.md
    Level 2:
      Includer:
        Location: markdown/use_cases/include_files/diagnose_missing_includee/includer_0.md:1
        Include description: @[:markdown](includer_1.md)
      Includee:
        File path: markdown/use_cases/include_files/diagnose_missing_includee/includer_1.md
    Level 3:
      Includer:
        Location: includer.md:1
        Include description: @[:markdown](includer_0.md)
      Includee:
        File path: markdown/use_cases/include_files/diagnose_missing_includee/includer_0.md
C:/Ruby22-x64/lib/ruby/gems/2.2.0/gems/markdown_helper-1.9.9/bin/_include: Could not read include file, (MarkdownHelper::UnreadableInputError)
  Backtrace (innermost include first):
    Level 0:
      Includer:
        Location: markdown/use_cases/include_files/diagnose_missing_includee/includer_2.md:1
        Include description: @[:markdown](includer_3.md)
      Includee:
        File path: markdown/use_cases/include_files/diagnose_missing_includee/includer_3.md
    Level 1:
      Includer:
        Location: markdown/use_cases/include_files/diagnose_missing_includee/includer_1.md:1
        Include description: @[:markdown](includer_2.md)
      Includee:
        File path: markdown/use_cases/include_files/diagnose_missing_includee/includer_2.md
    Level 2:
      Includer:
        Location: markdown/use_cases/include_files/diagnose_missing_includee/includer_0.md:1
        Include description: @[:markdown](includer_1.md)
      Includee:
        File path: markdown/use_cases/include_files/diagnose_missing_includee/includer_1.md
    Level 3:
      Includer:
        Location: includer.md:1
        Include description: @[:markdown](includer_0.md)
      Includee:
        File path: markdown/use_cases/include_files/diagnose_missing_includee/includer_0.md
